<?xml version="1.0" encoding="UTF-8"?>
<!-- Generated by org.testng.reporters.JUnitReportReporter -->
<testsuite hostname="PARTHA" failures="0" tests="3" name="SeleniumPratices.DataProviderInTestNg$VerifyValidLogin" time="41.158" errors="0" timestamp="2025-09-26T23:24:43 IST" skipped="0">
  <testcase classname="SeleniumPratices.DataProviderInTestNg$VerifyValidLogin" name="verifyValidLogin" time="14.142"/>
  <testcase classname="SeleniumPratices.DataProviderInTestNg$VerifyValidLogin" name="verifyValidLogin" time="11.562"/>
  <testcase classname="SeleniumPratices.DataProviderInTestNg$VerifyValidLogin" name="verifyValidLogin" time="15.454"/>
</testsuite> <!-- SeleniumPratices.DataProviderInTestNg$VerifyValidLogin -->
