<?xml version="1.0" encoding="UTF-8"?>
<!-- Generated by org.testng.reporters.JUnitReportReporter -->
<testsuite hostname="PARTHA" failures="0" tests="5" name="SeleniumPratices.TestNgGroups" time="108.739" errors="0" timestamp="2025-10-01T21:07:39 IST" skipped="0">
  <testcase classname="SeleniumPratices.TestNgGroups" name="B" time="14.717">
    <system-out>
      <![CDATA[Test case Started!!
Test case Success!!]]>
    </system-out>
  </testcase> <!-- B -->
  <testcase classname="SeleniumPratices.TestNgGroups" name="B" time="44.130">
    <system-out>
      <![CDATA[Test case Started!!
Test case Success!!]]>
    </system-out>
  </testcase> <!-- B -->
  <testcase classname="SeleniumPratices.TestNgGroups" name="B" time="19.594">
    <system-out>
      <![CDATA[Test case Started!!
Test case Success!!]]>
    </system-out>
  </testcase> <!-- B -->
  <testcase classname="SeleniumPratices.TestNgGroups" name="A" time="16.731">
    <system-out>
      <![CDATA[Test case Started!!
Test case Success!!]]>
    </system-out>
  </testcase> <!-- A -->
  <testcase classname="SeleniumPratices.TestNgGroups" name="C" time="13.567">
    <system-out>
      <![CDATA[Test case Started!!
Test case Success!!]]>
    </system-out>
  </testcase> <!-- C -->
  <system-out>
    <![CDATA[Test case Started!!
Test case Success!!
Test case Started!!
Test case Success!!
Test case Started!!
Test case Success!!
Test case Started!!
Test case Success!!
Test case Started!!
Test case Success!!]]>
  </system-out>
</testsuite> <!-- SeleniumPratices.TestNgGroups -->
