<?xml version="1.0" encoding="UTF-8"?>
<!-- Generated by org.testng.reporters.JUnitReportReporter -->
<testsuite hostname="PARTHA" failures="0" tests="1" name="testcases.VerifyLoginFirstMsg" time="18.189" errors="0" timestamp="2025-10-04T23:36:20 IST" skipped="0">
  <testcase classname="testcases.VerifyLoginFirstMsg" name="verifyLoginFirstMsg" time="18.189"/>
</testsuite> <!-- testcases.VerifyLoginFirstMsg -->
