<?xml version="1.0" encoding="UTF-8"?>
<!-- Generated by org.testng.reporters.JUnitReportReporter -->
<testsuite hostname="PARTHA" failures="0" tests="1" name="SeleniumPratices.HardAssertInTestNg$AssertionInTestNg" time="12.446" errors="0" timestamp="2025-09-29T20:03:35 IST" skipped="0">
  <testcase classname="SeleniumPratices.HardAssertInTestNg$AssertionInTestNg" name="verifyHomepageFunctionality" time="12.446"/>
</testsuite> <!-- SeleniumPratices.HardAssertInTestNg$AssertionInTestNg -->
