<?xml version="1.0" encoding="UTF-8"?>
<!-- Generated by org.testng.reporters.JUnitReportReporter -->
<testsuite hostname="PARTHA" failures="0" tests="1" name="testcases.VerifyOnlyForTestingPageDetails" time="14.295" errors="0" timestamp="2025-10-01T21:11:06 IST" skipped="0">
  <testcase classname="testcases.VerifyOnlyForTestingPageDetails" name="verifyOnlyForTestingPageDetails" time="14.295"/>
</testsuite> <!-- testcases.VerifyOnlyForTestingPageDetails -->
