<?xml version="1.0" encoding="UTF-8"?>
<!-- Generated by org.testng.reporters.JUnitReportReporter -->
<testsuite hostname="PARTHA" failures="0" tests="3" name="SeleniumPratices.AssertionInTestNg" time="22.978" errors="0" timestamp="2025-09-29T00:16:32 IST" skipped="0">
  <testcase classname="SeleniumPratices.AssertionInTestNg" name="verifyHomepageFunctionality" time="6.910"/>
  <testcase classname="SeleniumPratices.AssertionInTestNg" name="verifyHomepageFunctionality" time="8.184"/>
  <testcase classname="SeleniumPratices.AssertionInTestNg" name="verifyHomepageFunctionality" time="7.884"/>
</testsuite> <!-- SeleniumPratices.AssertionInTestNg -->
