<?xml version="1.0" encoding="UTF-8"?>
<!-- Generated by org.testng.reporters.JUnitReportReporter -->
<testsuite hostname="PARTHA" failures="0" tests="1" name="SeleniumPratices.TestNgAnnotation" time="0.023" errors="0" timestamp="2025-09-26T13:17:20 IST" skipped="0">
  <testcase classname="SeleniumPratices.TestNgAnnotation" name="testCase" time="0.023"/>
</testsuite> <!-- SeleniumPratices.TestNgAnnotation -->
