<?xml version="1.0" encoding="UTF-8"?>
<!-- Generated by org.testng.reporters.JUnitReportReporter -->
<testsuite hostname="PARTHA" failures="0" tests="3" name="SeleniumPratices.VerifyValidLogin" time="33.786" errors="0" timestamp="2025-09-26T16:52:14 IST" skipped="0">
  <testcase classname="SeleniumPratices.VerifyValidLogin" name="verifyValidLogin" time="14.062"/>
  <testcase classname="SeleniumPratices.VerifyValidLogin" name="verifyHomaPageUrl" time="8.599"/>
  <testcase classname="SeleniumPratices.VerifyValidLogin" name="verifyPageTitle" time="11.125"/>
</testsuite> <!-- SeleniumPratices.VerifyValidLogin -->
