<?xml version="1.0" encoding="UTF-8"?>
<!-- Generated by org.testng.reporters.JUnitReportReporter -->
<testsuite hostname="PARTHA" failures="0" tests="3" name="SeleniumPratices.TestcasePriority" time="49.402" errors="0" timestamp="2025-09-26T23:53:01 IST" skipped="0">
  <testcase classname="SeleniumPratices.TestcasePriority" name="C" time="15.528"/>
  <testcase classname="SeleniumPratices.TestcasePriority" name="A" time="16.989"/>
  <testcase classname="SeleniumPratices.TestcasePriority" name="B" time="16.885"/>
</testsuite> <!-- SeleniumPratices.TestcasePriority -->
