<?xml version="1.0" encoding="UTF-8"?>
<!-- Generated by org.testng.reporters.JUnitReportReporter -->
<testsuite hostname="PARTHA" failures="0" tests="1" name="testcases.VerifyTableData" time="11.923" errors="0" timestamp="2025-10-01T12:37:58 IST" skipped="0">
  <testcase classname="testcases.VerifyTableData" name="verifyTableData" time="11.923">
    <system-out>
      <![CDATA[Test case Started!!
Test case Success!!]]>
    </system-out>
  </testcase> <!-- verifyTableData -->
  <system-out>
    <![CDATA[Test case Started!!
Test case Success!!
Test case Started!!
Test case Success!!
Test case Started!!
Test case Success!!
Test case Started!!
Test case Success!!
Test case Started!!
Test case Success!!
Test case Started!!
Test case Success!!]]>
  </system-out>
</testsuite> <!-- testcases.VerifyTableData -->
